[35m[Appium][39m Welcome to Appium v1.21.0
[35m[Appium][39m Non-default server args:
[35m[Appium][39m   port: 58181
[35m[Appium][39m   loglevel: info
[35m[Appium][39m   tmpDir: /var/folders/y_/wqvglkk962b4gr6d5s3rjj8c0000gp/T//Katalon/Appium/Temp1646198160711
[35m[Appium][39m   chromedriverPort: 58182
[35m[Appium][39m Deprecated server args:
[35m[Appium][39m   [31m--chromedriver-port[39m => --default-capabilities
[35m[Appium][39m Default capabilities, which will be added to each request unless overridden by desired capabilities:
[35m[Appium][39m   chromedriverPort: 58182
[35m[Appium][39m Appium REST http interface listener started on 0.0.0.0:58181
[35m[HTTP][39m [37m-->[39m [37mGET[39m [37m/wd/hub/status[39m
[35m[HTTP][39m [90m{}[39m
[35m[HTTP][39m [37m<-- GET /wd/hub/status [39m[32m200[39m [90m4 ms - 68[39m
[35m[HTTP][39m [90m[39m
[35m[HTTP][39m [37m-->[39m [37mGET[39m [37m/wd/hub/status[39m
[35m[HTTP][39m [90m{}[39m
[35m[HTTP][39m [37m<-- GET /wd/hub/status [39m[32m200[39m [90m5 ms - 68[39m
[35m[HTTP][39m [90m[39m
[35m[HTTP][39m [37m-->[39m [37mPOST[39m [37m/wd/hub/session[39m
[35m[HTTP][39m [90m{"desiredCapabilities":{"app":"/Users/duyanhluong/Downloads/TheApp-v1.5.0 (3).apk","noReset":true,"deviceId":"","deviceName":"emulator-5554 (sdk_gphone_x86 - Android 11)","fullReset":false,"platform":"ANDROID","newCommandTimeout":1800,"platformVersion":"11","automationName":"Espresso","autoGrantPermissions":true,"platformName":"Android","udid":"emulator-5554","systemPort":58200},"capabilities":{"firstMatch":[{"appium:app":"/Users/duyanhluong/Downloads/TheApp-v1.5.0 (3).apk","appium:autoGrantPermissions":true,"appium:automationName":"Espresso","deviceId":"","appium:deviceName":"emulator-5554 (sdk_gphone_x86 - Android 11)","appium:fullReset":false,"appium:newCommandTimeout":1800,"appium:noReset":true,"platform":"ANDROID","platformName":"android","appium:platformVersion":"11","appium:systemPort":58200,"appium:udid":"emulator-5554"}]}}[39m
[35m[BaseDriver][39m The following capabilities are not standard capabilities and should have an extension prefix:
[35m[BaseDriver][39m   deviceId
[35m[BaseDriver][39m   platform
[35m[BaseDriver][39m   chromedriverPort
[35m[Appium][39m Appium v1.21.0 creating new EspressoDriver (v1.44.0) session
[35m[BaseDriver][39m The following capabilities were provided, but are not recognized by Appium:
[35m[BaseDriver][39m   deviceId
[35m[BaseDriver][39m   platform
[35m[BaseDriver][39m Session created with session id: 8bcb401f-efb6-4dcc-97d4-f6b097e9c493
[35m[BaseDriver][39m Using local app '/Users/duyanhluong/Downloads/TheApp-v1.5.0 (3).apk'
[35m[Espresso][39m EspressoDriver version: 1.44.0
[35m[ADB][39m Found 2 'build-tools' folders under '/Users/duyanhluong/.katalon/tools/android_sdk' (newest first):
[35m[ADB][39m     /Users/duyanhluong/.katalon/tools/android_sdk/build-tools/29.0.3
[35m[ADB][39m     /Users/duyanhluong/.katalon/tools/android_sdk/build-tools/29.0.2
[35m[ADB][39m Using 'adb' from '/Users/duyanhluong/.katalon/tools/android_sdk/platform-tools/adb'
[35m[AndroidDriver][39m Retrieving device list
[35m[AndroidDriver][39m Using device: emulator-5554
[35m[ADB][39m Using 'adb' from '/Users/duyanhluong/.katalon/tools/android_sdk/platform-tools/adb'
[35m[ADB][39m Getting device platform version
[35m[Espresso][39m Relaxing hidden api policy
[35m[ADB][39m Package name: 'io.cloudgrey.the_app'
[35m[ADB][39m Main activity name: 'io.cloudgrey.the_app.MainActivity'
[35m[AndroidDriver][39m Screen already unlocked, doing nothing
[35m[ADB][39m Using 'apksigner.jar' from '/Users/duyanhluong/.katalon/tools/android_sdk/build-tools/29.0.3/lib/apksigner.jar'
[35m[ADB][39m '/Users/duyanhluong/Downloads/TheApp-v1.5.0 (3).apk' is signed with the default certificate
[35m[ADB][39m The application at '/Users/duyanhluong/Downloads/TheApp-v1.5.0 (3).apk' will not be cached, because the device under test has confirmed the support of streamed installs
[35m[ADB][39m The installation of 'TheApp-v1.5.0 (3).apk' took 771ms
[35m[Espresso][39m Building espresso server in '/var/folders/y_/wqvglkk962b4gr6d5s3rjj8c0000gp/T/Katalon/Appium/Temp1646198160711/espresso-server-emulator-5554'
[35m[ADB][39m '/var/folders/y_/wqvglkk962b4gr6d5s3rjj8c0000gp/T/Katalon/Appium/Temp1646198160711/io.appium.espressoserver.test_1.44.0_io.cloudgrey.the_app_emulator-5554.apk' is signed with a non-default certificate
[35m[ADB][39m Using 'zipalign' from '/Users/duyanhluong/.katalon/tools/android_sdk/build-tools/29.0.3/zipalign'
[35m[ADB][39m io.appium.espressoserver.test was successfully uninstalled
[35m[Espresso][39m Uninstalled the obsolete Espresso server package from the device under test
[35m[Espresso][39m Installing Espresso Test Server apk from the target device (path: '/var/folders/y_/wqvglkk962b4gr6d5s3rjj8c0000gp/T/Katalon/Appium/Temp1646198160711/io.appium.espressoserver.test_1.44.0_io.cloudgrey.the_app_emulator-5554.apk')
[35m[ADB][39m The application at '/var/folders/y_/wqvglkk962b4gr6d5s3rjj8c0000gp/T/Katalon/Appium/Temp1646198160711/io.appium.espressoserver.test_1.44.0_io.cloudgrey.the_app_emulator-5554.apk' will not be cached, because the device under test has confirmed the support of streamed installs
[35m[ADB][39m The installation of 'io.appium.espressoserver.test_1.44.0_io.cloudgrey.the_app_emulator-5554.apk' took 455ms
[35m[Espresso][39m Installed Espresso Test Server apk '/var/folders/y_/wqvglkk962b4gr6d5s3rjj8c0000gp/T/Katalon/Appium/Temp1646198160711/io.appium.espressoserver.test_1.44.0_io.cloudgrey.the_app_emulator-5554.apk' (pkg: 'io.appium.espressoserver.test')
[35m[ADB][39m Adding packages ["io.appium.settings","io.appium.espressoserver.test"] to Doze whitelist
[35m[Espresso][39m Starting Espresso Server v1.44.0 with cmd: adb shell am instrument -w -e debug false -e disableAnalytics true io.appium.espressoserver.test/androidx.test.runner.AndroidJUnitRunner
[35m[Espresso][39m Waiting up to 45000ms for Espresso server to be online
[35m[WD Proxy][39m socket hang up
[35m[WD Proxy][39m socket hang up
[35m[WD Proxy][39m socket hang up
[35m[Espresso][39m Espresso server is online. The initialization process took 1657ms
[35m[Espresso][39m Starting the session
[35m[WD Proxy][39m Determined the downstream protocol as 'W3C'
[35m[Espresso][39m Recorded the target application package 'io.cloudgrey.the_app' to /data/local/tmp/espresso.apppackage
[35m[Appium][39m New EspressoDriver session created successfully, session 8bcb401f-efb6-4dcc-97d4-f6b097e9c493 added to master session list
[35m[HTTP][39m [37m<-- POST /wd/hub/session [39m[32m200[39m [90m15319 ms - 461[39m
[35m[HTTP][39m [90m[39m
[35m[HTTP][39m [37m-->[39m [37mGET[39m [37m/wd/hub/session/8bcb401f-efb6-4dcc-97d4-f6b097e9c493[39m
[35m[HTTP][39m [90m{}[39m
[35m[HTTP][39m [37m<-- GET /wd/hub/session/8bcb401f-efb6-4dcc-97d4-f6b097e9c493 [39m[32m200[39m [90m2 ms - 1279[39m
[35m[HTTP][39m [90m[39m
[35m[HTTP][39m [37m-->[39m [37mGET[39m [37m/wd/hub/session/8bcb401f-efb6-4dcc-97d4-f6b097e9c493[39m
[35m[HTTP][39m [90m{}[39m
[35m[HTTP][39m [37m<-- GET /wd/hub/session/8bcb401f-efb6-4dcc-97d4-f6b097e9c493 [39m[32m200[39m [90m1 ms - 1279[39m
[35m[HTTP][39m [90m[39m
[35m[HTTP][39m [37m-->[39m [37mGET[39m [37m/wd/hub/status[39m
[35m[HTTP][39m [90m{}[39m
[35m[HTTP][39m [37m<-- GET /wd/hub/status [39m[32m200[39m [90m1 ms - 68[39m
[35m[HTTP][39m [90m[39m
[35m[HTTP][39m [37m-->[39m [37mPOST[39m [37m/wd/hub/session/8bcb401f-efb6-4dcc-97d4-f6b097e9c493/timeouts[39m
[35m[HTTP][39m [90m{"implicit":60000}[39m
[35m[HTTP][39m [37m<-- POST /wd/hub/session/8bcb401f-efb6-4dcc-97d4-f6b097e9c493/timeouts [39m[32m200[39m [90m3 ms - 14[39m
[35m[HTTP][39m [90m[39m
[35m[HTTP][39m [37m-->[39m [37mGET[39m [37m/wd/hub/session/8bcb401f-efb6-4dcc-97d4-f6b097e9c493/source[39m
[35m[HTTP][39m [90m{}[39m
[35m[W3C (8bcb401f)][39m Driver proxy active, passing request on via HTTP proxy
[35m[WD Proxy][39m Got response with status 500: {"id":"7fa83b23-ecc8-4a0a-9c31-b210eb377053","sessionId":"8223397c-e9fb-4fcf-9600-d4e36683cdf8","value":{"error":"unknown error","message":"java.lang.RuntimeException: Waited for the root of the view hierarchy to have window focus and not request layout for 10 seconds. If you specified a non default root matcher, it may be picking a root that never takes focus. Root:\nRoot{application-window-token=null, window-token=null, has-window-focus=false, layout-params-type=1, layout-params-string={(0,0)(fillxfill) sim={adjust=resize forwardNavigation} ty=BASE_APPLICATION wanim=0x10302fe\n  fl=LAYOUT_IN_SCREEN LAYOUT_INSET_DECOR SPLIT_TOUCH HARDWARE_ACCELERATED DRAWS_SYSTEM_BAR_BACKGROUNDS\n  pfl=FIT_INSETS_CONTROLLED\n  fitSides=}, decor-view-string=DecorView{id=-1, visibility=INVISIBLE, width=1080, height=2009, has-focus=false, has-focusable=false, has-window-focus=false, is-clickable=false, is-enabled=true, is-focused=false, is-focusable=false, is-layout-requested=false, is-selected=false, layout-params={(0,0)(fi...
[35m[HTTP][39m [37m<-- GET /wd/hub/session/8bcb401f-efb6-4dcc-97d4-f6b097e9c493/source [39m[31m500[39m [90m10276 ms - 4222[39m
[35m[HTTP][39m [90m[39m
[35m[HTTP][39m [37m-->[39m [37mGET[39m [37m/wd/hub/session/8bcb401f-efb6-4dcc-97d4-f6b097e9c493/screenshot[39m
[35m[HTTP][39m [90m{}[39m
[35m[W3C (8bcb401f)][39m Driver proxy active, passing request on via HTTP proxy
[35m[WD Proxy][39m Replacing sessionId 8223397c-e9fb-4fcf-9600-d4e36683cdf8 with 8bcb401f-efb6-4dcc-97d4-f6b097e9c493
[35m[HTTP][39m [37m<-- GET /wd/hub/session/8bcb401f-efb6-4dcc-97d4-f6b097e9c493/screenshot [39m[32m200[39m [90m244 ms - 152729[39m
[35m[HTTP][39m [90m[39m
[35m[HTTP][39m [37m-->[39m [37mGET[39m [37m/wd/hub/session/8bcb401f-efb6-4dcc-97d4-f6b097e9c493/source[39m
[35m[HTTP][39m [90m{}[39m
[35m[W3C (8bcb401f)][39m Driver proxy active, passing request on via HTTP proxy
[35m[WD Proxy][39m Replacing sessionId 8223397c-e9fb-4fcf-9600-d4e36683cdf8 with 8bcb401f-efb6-4dcc-97d4-f6b097e9c493
[35m[HTTP][39m [37m<-- GET /wd/hub/session/8bcb401f-efb6-4dcc-97d4-f6b097e9c493/source [39m[32m200[39m [90m6743 ms - 23946[39m
[35m[HTTP][39m [90m[39m
[35m[HTTP][39m [37m-->[39m [37mGET[39m [37m/wd/hub/session/8bcb401f-efb6-4dcc-97d4-f6b097e9c493/screenshot[39m
[35m[HTTP][39m [90m{}[39m
[35m[W3C (8bcb401f)][39m Driver proxy active, passing request on via HTTP proxy
[35m[WD Proxy][39m Replacing sessionId 8223397c-e9fb-4fcf-9600-d4e36683cdf8 with 8bcb401f-efb6-4dcc-97d4-f6b097e9c493
[35m[HTTP][39m [37m<-- GET /wd/hub/session/8bcb401f-efb6-4dcc-97d4-f6b097e9c493/screenshot [39m[32m200[39m [90m288 ms - 135585[39m
[35m[HTTP][39m [90m[39m
[35m[HTTP][39m [37m-->[39m [37mPOST[39m [37m/wd/hub/session/8bcb401f-efb6-4dcc-97d4-f6b097e9c493/elements[39m
[35m[HTTP][39m [90m{"using":"xpath","value":"//*[@class = 'android.support.v7.widget.ContentFrameLayout' and @resource-id = 'android:id/content']"}[39m
[35m[W3C (8bcb401f)][39m Driver proxy active, passing request on via HTTP proxy
[35m[WD Proxy][39m Replacing sessionId 8223397c-e9fb-4fcf-9600-d4e36683cdf8 with 8bcb401f-efb6-4dcc-97d4-f6b097e9c493
[35m[HTTP][39m [37m<-- POST /wd/hub/session/8bcb401f-efb6-4dcc-97d4-f6b097e9c493/elements [39m[32m200[39m [90m96 ms - 234[39m
[35m[HTTP][39m [90m[39m
[35m[HTTP][39m [37m-->[39m [37mGET[39m [37m/wd/hub/session/8bcb401f-efb6-4dcc-97d4-f6b097e9c493/window/rect[39m
[35m[HTTP][39m [90m{}[39m
[35m[W3C (8bcb401f)][39m Driver proxy active, passing request on via HTTP proxy
[35m[WD Proxy][39m Replacing sessionId 8223397c-e9fb-4fcf-9600-d4e36683cdf8 with 8bcb401f-efb6-4dcc-97d4-f6b097e9c493
[35m[HTTP][39m [37m<-- GET /wd/hub/session/8bcb401f-efb6-4dcc-97d4-f6b097e9c493/window/rect [39m[32m200[39m [90m19 ms - 162[39m
[35m[HTTP][39m [90m[39m
[35m[HTTP][39m [37m-->[39m [37mPOST[39m [37m/wd/hub/session/8bcb401f-efb6-4dcc-97d4-f6b097e9c493/elements[39m
[35m[HTTP][39m [90m{"using":"xpath","value":"//*[@class = 'android.support.v7.widget.ContentFrameLayout' and @resource-id = 'android:id/content']"}[39m
[35m[W3C (8bcb401f)][39m Driver proxy active, passing request on via HTTP proxy
[35m[WD Proxy][39m Replacing sessionId 8223397c-e9fb-4fcf-9600-d4e36683cdf8 with 8bcb401f-efb6-4dcc-97d4-f6b097e9c493
[35m[HTTP][39m [37m<-- POST /wd/hub/session/8bcb401f-efb6-4dcc-97d4-f6b097e9c493/elements [39m[32m200[39m [90m44 ms - 234[39m
[35m[HTTP][39m [90m[39m
[35m[HTTP][39m [37m-->[39m [37mGET[39m [37m/wd/hub/session/8bcb401f-efb6-4dcc-97d4-f6b097e9c493/element/6e4a9fdf-98fa-471b-8f4b-6b8e6b6642af/location[39m
[35m[HTTP][39m [90m{}[39m
[35m[W3C (8bcb401f)][39m Driver proxy active, passing request on via HTTP proxy
[35m[WD Proxy][39m Replacing sessionId 8223397c-e9fb-4fcf-9600-d4e36683cdf8 with 8bcb401f-efb6-4dcc-97d4-f6b097e9c493
[35m[HTTP][39m [37m<-- GET /wd/hub/session/8bcb401f-efb6-4dcc-97d4-f6b097e9c493/element/6e4a9fdf-98fa-471b-8f4b-6b8e6b6642af/location [39m[32m200[39m [90m51 ms - 136[39m
[35m[HTTP][39m [90m[39m
[35m[HTTP][39m [37m-->[39m [37mPOST[39m [37m/wd/hub/session/8bcb401f-efb6-4dcc-97d4-f6b097e9c493/touch/perform[39m
[35m[HTTP][39m [90m{"actions":[{"action":"tap","options":{"x":1,"y":1,"element":"6e4a9fdf-98fa-471b-8f4b-6b8e6b6642af"}}]}[39m
[35m[W3C (8bcb401f)][39m Driver proxy active, passing request on via HTTP proxy
[35m[WD Proxy][39m Replacing sessionId 8223397c-e9fb-4fcf-9600-d4e36683cdf8 with 8bcb401f-efb6-4dcc-97d4-f6b097e9c493
[35m[HTTP][39m [37m<-- POST /wd/hub/session/8bcb401f-efb6-4dcc-97d4-f6b097e9c493/touch/perform [39m[32m200[39m [90m140 ms - 109[39m
[35m[HTTP][39m [90m[39m
[35m[HTTP][39m [37m-->[39m [37mGET[39m [37m/wd/hub/session/8bcb401f-efb6-4dcc-97d4-f6b097e9c493/source[39m
[35m[HTTP][39m [90m{}[39m
[35m[W3C (8bcb401f)][39m Driver proxy active, passing request on via HTTP proxy
[35m[WD Proxy][39m Replacing sessionId 8223397c-e9fb-4fcf-9600-d4e36683cdf8 with 8bcb401f-efb6-4dcc-97d4-f6b097e9c493
[35m[HTTP][39m [37m<-- GET /wd/hub/session/8bcb401f-efb6-4dcc-97d4-f6b097e9c493/source [39m[32m200[39m [90m34 ms - 8786[39m
[35m[HTTP][39m [90m[39m
[35m[HTTP][39m [37m-->[39m [37mGET[39m [37m/wd/hub/session/8bcb401f-efb6-4dcc-97d4-f6b097e9c493/screenshot[39m
[35m[HTTP][39m [90m{}[39m
[35m[W3C (8bcb401f)][39m Driver proxy active, passing request on via HTTP proxy
[35m[WD Proxy][39m Replacing sessionId 8223397c-e9fb-4fcf-9600-d4e36683cdf8 with 8bcb401f-efb6-4dcc-97d4-f6b097e9c493
[35m[HTTP][39m [37m<-- GET /wd/hub/session/8bcb401f-efb6-4dcc-97d4-f6b097e9c493/screenshot [39m[32m200[39m [90m192 ms - 55259[39m
[35m[HTTP][39m [90m[39m
[35m[HTTP][39m [37m-->[39m [37mDELETE[39m [37m/wd/hub/session/8bcb401f-efb6-4dcc-97d4-f6b097e9c493[39m
[35m[HTTP][39m [90m{}[39m
[35m[Appium][39m Removing session 8bcb401f-efb6-4dcc-97d4-f6b097e9c493 from our master session list
[35m[Espresso][39m Instrumentation process exited with code null from signal SIGTERM
[35m[Espresso][39m Restoring hidden api policy to the device default configuration
[35m[HTTP][39m [37m<-- DELETE /wd/hub/session/8bcb401f-efb6-4dcc-97d4-f6b097e9c493 [39m[32m200[39m [90m555 ms - 14[39m
[35m[HTTP][39m [90m[39m
